[backblue.gif]
[fade.gif]
[index.html]
[eluarise.biz/image/bg.jpg]
[eluarise.biz/index9323.html]
[connect.facebook.net/en_US/fbevents.js]
[cdn.jsdelivr.net/npm/bootstrap@5.3.2/dist/css/bootstrap.min.css]
[eluarise.biz/image/element.gif]
[code.jquery.com/jquery-3.6.4.min.js]
[connect.facebook.net/en_US/fbevents.js]
[eluarise.biz/css/style.css]
[eluarise.biz/js/script.js]
[cdn.jsdelivr.net/npm/bootstrap@5.3.2/dist/css/bootstrap.min.css]
[eluarise.biz/assets/load.html]
[eluarise.biz/a.html]
[eluarise.biz/POST.html]
[eluarise.biz/schema.org/index.html]
[eluarise.biz/index.html]
[eluarise.biz/b.html]
[eluarise.biz/signals/iwl.html]
